<?xml version="1.0" encoding="UTF-8"?>
<!-- Generated by org.testng.reporters.JUnitReportReporter -->
<testsuite hostname="VINOD" failures="0" tests="1" name="MavenJava.SeleniumTest" time="0.022" errors="0" timestamp="2024-07-06T09:07:39 IST" skipped="0">
  <testcase classname="MavenJava.SeleniumTest" name="selenium" time="0.022"/>
</testsuite> <!-- MavenJava.SeleniumTest -->
