<?xml version="1.0" encoding="UTF-8"?>
<!-- Generated by org.testng.reporters.JUnitReportReporter -->
<testsuite hostname="VINOD" failures="0" tests="1" name="MavenJava.RestAssuredTest" time="0.016" errors="0" timestamp="2024-07-06T09:04:10 IST" skipped="0">
  <testcase classname="MavenJava.RestAssuredTest" name="selenium" time="0.016"/>
</testsuite> <!-- MavenJava.RestAssuredTest -->
