<?xml version="1.0" encoding="UTF-8"?>
<!-- Generated by org.testng.reporters.JUnitReportReporter -->
<testsuite hostname="VINOD" failures="0" tests="1" name="MavenJava.AppiumTest" time="0.011" errors="0" timestamp="2024-07-06T10:48:24 IST" skipped="0">
  <testcase classname="MavenJava.AppiumTest" name="selenium" time="0.011"/>
</testsuite> <!-- MavenJava.AppiumTest -->
